<html>
<head>
<title>TestNG:  Regression suite 1</title>
<link href="../testng.css" rel="stylesheet" type="text/css" />
<link href="../my-testng.css" rel="stylesheet" type="text/css" />

<style type="text/css">
.log { display: none;} 
.stack-trace { display: none;} 
</style>
<script type="text/javascript">
<!--
function flip(e) {
  current = e.style.display;
  if (current == 'block') {
    e.style.display = 'none';
    return 0;
  }
  else {
    e.style.display = 'block';
    return 1;
  }
}

function toggleBox(szDivId, elem, msg1, msg2)
{
  var res = -1;  if (document.getElementById) {
    res = flip(document.getElementById(szDivId));
  }
  else if (document.all) {
    // this is the way old msie versions work
    res = flip(document.all[szDivId]);
  }
  if(elem) {
    if(res == 0) elem.innerHTML = msg1; else elem.innerHTML = msg2;
  }

}

function toggleAllBoxes() {
  if (document.getElementsByTagName) {
    d = document.getElementsByTagName('div');
    for (i = 0; i < d.length; i++) {
      if (d[i].className == 'log') {
        flip(d[i]);
      }
    }
  }
}

// -->
</script>

</head>
<body>
<h2 align='center'>Regression suite 1</h2><table border='1' align="center">
<tr>
<td>Tests passed/Failed/Skipped:</td><td>1/1/0</td>
</tr><tr>
<td>Started on:</td><td>Sun Sep 02 22:40:05 EEST 2018</td>
</tr>
<tr><td>Total time:</td><td>114 seconds (114245 ms)</td>
</tr><tr>
<td>Included groups:</td><td></td>
</tr><tr>
<td>Excluded groups:</td><td></td>
</tr>
</table><p/>
<small><i>(Hover the method name to see the test class name)</i></small><p/>
<table width='100%' border='1' class='invocation-failed'>
<tr><td colspan='4' align='center'><b>FAILED TESTS</b></td></tr>
<tr><td><b>Test method</b></td>
<td width="30%"><b>Exception</b></td>
<td width="10%"><b>Time (seconds)</b></td>
<td><b>Instance</b></td>
</tr>
<tr>
<td title='OpenWeatherAPITest.feature()'><b>feature</b><br>Test class: OpenWeatherAPITest<br>Parameters: "Weather API check"<br/>
<a href="#Output-315072539" onClick='toggleBox("Output-315072539", this, "Show output", "Hide output");'>Show output</a>

<a href="#Output-315072539" onClick="toggleAllBoxes();">Show all outputs</a>
<div class='log' id="Output-315072539">
<div "featureFile">Feature File: src&#x2F;test&#x2F;java&#x2F;cucumber&#x2F;OpenWeatherAPITest.feature</div><br/>
<div "result">Read Weather API endpoint URL (PASSED : 0s)</div><br/>
<div "result">Compose query by adding &quot;q&quot; in &quot;Zaragoza&quot; value (PASSED : 0s)</div><br/>
<div "result">Request API (PASSED : 0s)</div><br/>
<div "result">Check that response status is &quot;200&quot; (PASSED : 0s)</div><br/>
<div "result">Check fields in response &quot;weather&quot; (PASSED : 0s)</div><br/>
<div "result">Read Weather API endpoint URL (PASSED : 0s)</div><br/>
<div "result">Compose query by adding &quot;q&quot; in &quot;Zaragoza,ES&quot; value (PASSED : 0s)</div><br/>
<div "result">Request API (PASSED : 0s)</div><br/>
<div "result">Check that response status is &quot;200&quot; (PASSED : 0s)</div><br/>
<div "result">Check fields in response &quot;Zaragoza&quot; (PASSED : 0s)</div><br/>
<div "result">Read Weather API endpoint URL (PASSED : 0s)</div><br/>
<div "result">Compose query by adding &quot;id&quot; in &quot;3104324&quot; value (PASSED : 0s)</div><br/>
<div "result">Request API (PASSED : 3s)</div><br/>
<div "result">Check that response status is &quot;200&quot; (PASSED : 0s)</div><br/>
<div "result">Check fields in response &quot;3104324&quot; (PASSED : 0s)</div><br/>
<div "result">Read Weather API endpoint URL (PASSED : 0s)</div><br/>
<div "result">Compose query by adding &quot;lat;lon&quot; in &quot;41.6521;-0.881&quot; value (PASSED : 0s)</div><br/>
<div "result">Request API (PASSED : 21s)</div><br/>
<div "result">Check that response status is &quot;200&quot; (FAILED : 0s)</div><br/>
<div "result">Check fields in response &quot;41.65&quot; (SKIPPED)</div><br/>
<div "result">Read Weather API endpoint URL (PASSED : 0s)</div><br/>
<div "result">Compose query by adding &quot;zip&quot; in &quot;50001&quot; value (PASSED : 0s)</div><br/>
<div "result">Request API (PASSED : 21s)</div><br/>
<div "result">Check that response status is &quot;200&quot; (FAILED : 0s)</div><br/>
<div "result">Check fields in response &quot;temp_min&quot; (SKIPPED)</div><br/>
</div>
</td>
<td><div><pre>cucumber.runtime.CucumberException: java.lang.AssertionError: Expected response code 200 but was:  expected [0] but found [200]
	at cucumber.api.testng.TestNGCucumberRunner.runCucumber(TestNGCucumberRunner.java:78)
	at OpenWeatherAPITest.feature(OpenWeatherAPITest.java:23)
Caused by: java.lang.AssertionError: Expected response code 200 but was:  expected [0] but found [200]
	at cucumber.steps.WeatherAPTestStepdefs.checkThatResponseStatusIs(WeatherAPTestStepdefs.java:65)
	at ?.Check that response status is &quot;200&quot;(src/test/java/cucumber/OpenWeatherAPITest.feature:9)
... Removed 33 stack frames</pre></div><a href='#' onClick='toggleBox("stack-trace315072539", this, "Click to show all stack frames", "Click to hide stack frames")'>Click to show all stack frames</a>
<div class='stack-trace' id='stack-trace315072539'><pre>cucumber.runtime.CucumberException: java.lang.AssertionError: Expected response code 200 but was:  expected [0] but found [200]
	at cucumber.api.testng.TestNGCucumberRunner.runCucumber(TestNGCucumberRunner.java:78)
	at OpenWeatherAPITest.feature(OpenWeatherAPITest.java:23)
	at sun.reflect.NativeMethodAccessorImpl.invoke0(Native Method)
	at sun.reflect.NativeMethodAccessorImpl.invoke(NativeMethodAccessorImpl.java:62)
	at sun.reflect.DelegatingMethodAccessorImpl.invoke(DelegatingMethodAccessorImpl.java:43)
	at java.lang.reflect.Method.invoke(Method.java:498)
	at org.testng.internal.MethodInvocationHelper.invokeMethod(MethodInvocationHelper.java:104)
	at org.testng.internal.Invoker.invokeMethod(Invoker.java:645)
	at org.testng.internal.Invoker.invokeTestMethod(Invoker.java:851)
	at org.testng.internal.Invoker.invokeTestMethods(Invoker.java:1177)
	at org.testng.internal.TestMethodWorker.invokeTestMethods(TestMethodWorker.java:129)
	at org.testng.internal.TestMethodWorker.run(TestMethodWorker.java:112)
	at org.testng.TestRunner.privateRun(TestRunner.java:756)
	at org.testng.TestRunner.run(TestRunner.java:610)
	at org.testng.SuiteRunner.runTest(SuiteRunner.java:387)
	at org.testng.SuiteRunner.runSequentially(SuiteRunner.java:382)
	at org.testng.SuiteRunner.privateRun(SuiteRunner.java:340)
	at org.testng.SuiteRunner.run(SuiteRunner.java:289)
	at org.testng.SuiteRunnerWorker.runSuite(SuiteRunnerWorker.java:52)
	at org.testng.SuiteRunnerWorker.run(SuiteRunnerWorker.java:86)
	at org.testng.TestNG.runSuitesSequentially(TestNG.java:1293)
	at org.testng.TestNG.runSuitesLocally(TestNG.java:1218)
	at org.testng.TestNG.runSuites(TestNG.java:1133)
	at org.testng.TestNG.run(TestNG.java:1104)
	at org.apache.maven.surefire.testng.TestNGExecutor.run(TestNGExecutor.java:281)
	at org.apache.maven.surefire.testng.TestNGXmlTestSuite.execute(TestNGXmlTestSuite.java:75)
	at org.apache.maven.surefire.testng.TestNGProvider.invoke(TestNGProvider.java:121)
	at org.apache.maven.surefire.booter.ForkedBooter.invokeProviderInSameClassLoader(ForkedBooter.java:290)
	at org.apache.maven.surefire.booter.ForkedBooter.runSuitesInProcess(ForkedBooter.java:242)
	at org.apache.maven.surefire.booter.ForkedBooter.main(ForkedBooter.java:121)
Caused by: java.lang.AssertionError: Expected response code 200 but was:  expected [0] but found [200]
	at org.testng.Assert.fail(Assert.java:94)
	at org.testng.Assert.failNotEquals(Assert.java:513)
	at org.testng.Assert.assertEqualsImpl(Assert.java:135)
	at org.testng.Assert.assertEquals(Assert.java:116)
	at org.testng.Assert.assertEquals(Assert.java:389)
	at cucumber.steps.WeatherAPTestStepdefs.checkThatResponseStatusIs(WeatherAPTestStepdefs.java:65)
	at ?.Check that response status is &quot;200&quot;(src/test/java/cucumber/OpenWeatherAPITest.feature:9)
</pre></div></td>
<td>46</td>
<td>OpenWeatherAPITest@77b52d12</td></tr>
</table><p>
<table width='100%' border='1' class='invocation-passed'>
<tr><td colspan='4' align='center'><b>PASSED TESTS</b></td></tr>
<tr><td><b>Test method</b></td>
<td width="30%"><b>Exception</b></td>
<td width="10%"><b>Time (seconds)</b></td>
<td><b>Instance</b></td>
</tr>
<tr>
<td title='StoreChallengeTest.commentAddingTest()'><b>commentAddingTest</b><br>Test class: StoreChallengeTest</td>
<td></td>
<td>26</td>
<td>StoreChallengeTest@614c5515</td></tr>
</table><p>
</body>
</html>