<?xml version="1.0" encoding="UTF-8"?>
<!-- Generated by org.testng.reporters.JUnitXMLReporter -->
<testsuite hostname="DESKTOP-SR4R4M0" ignored="0" name="Regression suite 1" tests="2" failures="1" timestamp="02 сен 2018 19:41:59 GMT" time="114.245" errors="0">
  <testcase name="commentAddingTest" time="26.12" classname="StoreChallengeTest"/>
  <testcase name="feature" time="46.014" classname="OpenWeatherAPITest">
    <failure type="cucumber.runtime.CucumberException" message="java.lang.AssertionError: Expected response code 200 but was:  expected [0] but found [200]">
      <![CDATA[cucumber.runtime.CucumberException: java.lang.AssertionError: Expected response code 200 but was:  expected [0] but found [200]
	at cucumber.api.testng.TestNGCucumberRunner.runCucumber(TestNGCucumberRunner.java:78)
	at OpenWeatherAPITest.feature(OpenWeatherAPITest.java:23)
Caused by: java.lang.AssertionError: Expected response code 200 but was:  expected [0] but found [200]
	at cucumber.steps.WeatherAPTestStepdefs.checkThatResponseStatusIs(WeatherAPTestStepdefs.java:65)
	at ✽.Check that response status is "200"(src/test/java/cucumber/OpenWeatherAPITest.feature:9)
... Removed 33 stack frames]]>
    </failure>
  </testcase> <!-- feature -->
</testsuite> <!-- Regression suite 1 -->
