<?xml version="1.0" encoding="UTF-8"?>
<testng-results skipped="0" failed="1" ignored="0" total="2" passed="1">
  <reporter-output>
    <line>
      <![CDATA[<div "featureFile">Feature File: src&#x2F;test&#x2F;java&#x2F;cucumber&#x2F;OpenWeatherAPITest.feature</div>]]>
    </line>
    <line>
      <![CDATA[<div "result">Read Weather API endpoint URL (PASSED : 0s)</div>]]>
    </line>
    <line>
      <![CDATA[<div "result">Compose query by adding &quot;q&quot; in &quot;Zaragoza&quot; value (PASSED : 0s)</div>]]>
    </line>
    <line>
      <![CDATA[<div "result">Request API (PASSED : 0s)</div>]]>
    </line>
    <line>
      <![CDATA[<div "result">Check that response status is &quot;200&quot; (PASSED : 0s)</div>]]>
    </line>
    <line>
      <![CDATA[<div "result">Check fields in response &quot;weather&quot; (PASSED : 0s)</div>]]>
    </line>
    <line>
      <![CDATA[<div "result">Read Weather API endpoint URL (PASSED : 0s)</div>]]>
    </line>
    <line>
      <![CDATA[<div "result">Compose query by adding &quot;q&quot; in &quot;Zaragoza,ES&quot; value (PASSED : 0s)</div>]]>
    </line>
    <line>
      <![CDATA[<div "result">Request API (PASSED : 0s)</div>]]>
    </line>
    <line>
      <![CDATA[<div "result">Check that response status is &quot;200&quot; (PASSED : 0s)</div>]]>
    </line>
    <line>
      <![CDATA[<div "result">Check fields in response &quot;Zaragoza&quot; (PASSED : 0s)</div>]]>
    </line>
    <line>
      <![CDATA[<div "result">Read Weather API endpoint URL (PASSED : 0s)</div>]]>
    </line>
    <line>
      <![CDATA[<div "result">Compose query by adding &quot;id&quot; in &quot;3104324&quot; value (PASSED : 0s)</div>]]>
    </line>
    <line>
      <![CDATA[<div "result">Request API (PASSED : 3s)</div>]]>
    </line>
    <line>
      <![CDATA[<div "result">Check that response status is &quot;200&quot; (PASSED : 0s)</div>]]>
    </line>
    <line>
      <![CDATA[<div "result">Check fields in response &quot;3104324&quot; (PASSED : 0s)</div>]]>
    </line>
    <line>
      <![CDATA[<div "result">Read Weather API endpoint URL (PASSED : 0s)</div>]]>
    </line>
    <line>
      <![CDATA[<div "result">Compose query by adding &quot;lat;lon&quot; in &quot;41.6521;-0.881&quot; value (PASSED : 0s)</div>]]>
    </line>
    <line>
      <![CDATA[<div "result">Request API (PASSED : 21s)</div>]]>
    </line>
    <line>
      <![CDATA[<div "result">Check that response status is &quot;200&quot; (FAILED : 0s)</div>]]>
    </line>
    <line>
      <![CDATA[<div "result">Check fields in response &quot;41.65&quot; (SKIPPED)</div>]]>
    </line>
    <line>
      <![CDATA[<div "result">Read Weather API endpoint URL (PASSED : 0s)</div>]]>
    </line>
    <line>
      <![CDATA[<div "result">Compose query by adding &quot;zip&quot; in &quot;50001&quot; value (PASSED : 0s)</div>]]>
    </line>
    <line>
      <![CDATA[<div "result">Request API (PASSED : 21s)</div>]]>
    </line>
    <line>
      <![CDATA[<div "result">Check that response status is &quot;200&quot; (FAILED : 0s)</div>]]>
    </line>
    <line>
      <![CDATA[<div "result">Check fields in response &quot;temp_min&quot; (SKIPPED)</div>]]>
    </line>
  </reporter-output>
  <suite name="example suite 1" duration-ms="114245" started-at="2018-09-02T19:40:05Z" finished-at="2018-09-02T19:41:59Z">
    <groups>
      <group name="cucumber">
        <method signature="AbstractTestNGCucumberTests.runScenario(cucumber.api.testng.PickleEventWrapper, cucumber.api.testng.CucumberFeatureWrapper)[pri:0, instance:OpenWeatherAPITest@77b52d12]" name="runScenario" class="cucumber.api.testng.AbstractTestNGCucumberTests"/>
      </group> <!-- cucumber -->
    </groups>
    <test name="Regression suite 1" duration-ms="114245" started-at="2018-09-02T19:40:05Z" finished-at="2018-09-02T19:41:59Z">
      <class name="StoreChallengeTest">
        <test-method status="PASS" signature="startBrowser()[pri:0, instance:StoreChallengeTest@614c5515]" name="startBrowser" is-config="true" duration-ms="38983" started-at="2018-09-02T22:40:05Z" finished-at="2018-09-02T22:40:44Z">
          <reporter-output>
          </reporter-output>
        </test-method> <!-- startBrowser -->
        <test-method status="PASS" signature="commentAddingTest()[pri:0, instance:StoreChallengeTest@614c5515]" name="commentAddingTest" duration-ms="26120" started-at="2018-09-02T22:40:44Z" finished-at="2018-09-02T22:41:10Z">
          <reporter-output>
          </reporter-output>
        </test-method> <!-- commentAddingTest -->
        <test-method status="PASS" signature="stopDriver()[pri:0, instance:StoreChallengeTest@614c5515]" name="stopDriver" is-config="true" duration-ms="1950" started-at="2018-09-02T22:41:57Z" finished-at="2018-09-02T22:41:59Z">
          <reporter-output>
          </reporter-output>
        </test-method> <!-- stopDriver -->
      </class> <!-- StoreChallengeTest -->
      <class name="OpenWeatherAPITest">
        <test-method status="PASS" signature="setUpClass()[pri:0, instance:OpenWeatherAPITest@77b52d12]" name="setUpClass" is-config="true" duration-ms="888" started-at="2018-09-02T22:41:10Z" finished-at="2018-09-02T22:41:11Z">
          <reporter-output>
          </reporter-output>
        </test-method> <!-- setUpClass -->
        <test-method status="FAIL" signature="feature(cucumber.api.testng.CucumberFeatureWrapper)[pri:0, instance:OpenWeatherAPITest@77b52d12]" name="feature" duration-ms="46014" started-at="2018-09-02T22:41:11Z" data-provider="features" finished-at="2018-09-02T22:41:57Z">
          <params>
            <param index="0">
              <value>
                <![CDATA["Weather API check"]]>
              </value>
            </param>
          </params>
          <exception class="cucumber.runtime.CucumberException">
            <message>
              <![CDATA[java.lang.AssertionError: Expected response code 200 but was:  expected [0] but found [200]]]>
            </message>
            <full-stacktrace>
              <![CDATA[cucumber.runtime.CucumberException: java.lang.AssertionError: Expected response code 200 but was:  expected [0] but found [200]
	at cucumber.api.testng.TestNGCucumberRunner.runCucumber(TestNGCucumberRunner.java:78)
	at OpenWeatherAPITest.feature(OpenWeatherAPITest.java:23)
	at sun.reflect.NativeMethodAccessorImpl.invoke0(Native Method)
	at sun.reflect.NativeMethodAccessorImpl.invoke(NativeMethodAccessorImpl.java:62)
	at sun.reflect.DelegatingMethodAccessorImpl.invoke(DelegatingMethodAccessorImpl.java:43)
	at java.lang.reflect.Method.invoke(Method.java:498)
	at org.testng.internal.MethodInvocationHelper.invokeMethod(MethodInvocationHelper.java:104)
	at org.testng.internal.Invoker.invokeMethod(Invoker.java:645)
	at org.testng.internal.Invoker.invokeTestMethod(Invoker.java:851)
	at org.testng.internal.Invoker.invokeTestMethods(Invoker.java:1177)
	at org.testng.internal.TestMethodWorker.invokeTestMethods(TestMethodWorker.java:129)
	at org.testng.internal.TestMethodWorker.run(TestMethodWorker.java:112)
	at org.testng.TestRunner.privateRun(TestRunner.java:756)
	at org.testng.TestRunner.run(TestRunner.java:610)
	at org.testng.SuiteRunner.runTest(SuiteRunner.java:387)
	at org.testng.SuiteRunner.runSequentially(SuiteRunner.java:382)
	at org.testng.SuiteRunner.privateRun(SuiteRunner.java:340)
	at org.testng.SuiteRunner.run(SuiteRunner.java:289)
	at org.testng.SuiteRunnerWorker.runSuite(SuiteRunnerWorker.java:52)
	at org.testng.SuiteRunnerWorker.run(SuiteRunnerWorker.java:86)
	at org.testng.TestNG.runSuitesSequentially(TestNG.java:1293)
	at org.testng.TestNG.runSuitesLocally(TestNG.java:1218)
	at org.testng.TestNG.runSuites(TestNG.java:1133)
	at org.testng.TestNG.run(TestNG.java:1104)
	at org.apache.maven.surefire.testng.TestNGExecutor.run(TestNGExecutor.java:281)
	at org.apache.maven.surefire.testng.TestNGXmlTestSuite.execute(TestNGXmlTestSuite.java:75)
	at org.apache.maven.surefire.testng.TestNGProvider.invoke(TestNGProvider.java:121)
	at org.apache.maven.surefire.booter.ForkedBooter.invokeProviderInSameClassLoader(ForkedBooter.java:290)
	at org.apache.maven.surefire.booter.ForkedBooter.runSuitesInProcess(ForkedBooter.java:242)
	at org.apache.maven.surefire.booter.ForkedBooter.main(ForkedBooter.java:121)
Caused by: java.lang.AssertionError: Expected response code 200 but was:  expected [0] but found [200]
	at org.testng.Assert.fail(Assert.java:94)
	at org.testng.Assert.failNotEquals(Assert.java:513)
	at org.testng.Assert.assertEqualsImpl(Assert.java:135)
	at org.testng.Assert.assertEquals(Assert.java:116)
	at org.testng.Assert.assertEquals(Assert.java:389)
	at cucumber.steps.WeatherAPTestStepdefs.checkThatResponseStatusIs(WeatherAPTestStepdefs.java:65)
	at âœ½.Check that response status is "200"(src/test/java/cucumber/OpenWeatherAPITest.feature:9)
]]>
            </full-stacktrace>
          </exception> <!-- cucumber.runtime.CucumberException -->
          <reporter-output>
            <line>
              <![CDATA[<div "featureFile">Feature File: src&#x2F;test&#x2F;java&#x2F;cucumber&#x2F;OpenWeatherAPITest.feature</div>]]>
            </line>
            <line>
              <![CDATA[<div "result">Read Weather API endpoint URL (PASSED : 0s)</div>]]>
            </line>
            <line>
              <![CDATA[<div "result">Compose query by adding &quot;q&quot; in &quot;Zaragoza&quot; value (PASSED : 0s)</div>]]>
            </line>
            <line>
              <![CDATA[<div "result">Request API (PASSED : 0s)</div>]]>
            </line>
            <line>
              <![CDATA[<div "result">Check that response status is &quot;200&quot; (PASSED : 0s)</div>]]>
            </line>
            <line>
              <![CDATA[<div "result">Check fields in response &quot;weather&quot; (PASSED : 0s)</div>]]>
            </line>
            <line>
              <![CDATA[<div "result">Read Weather API endpoint URL (PASSED : 0s)</div>]]>
            </line>
            <line>
              <![CDATA[<div "result">Compose query by adding &quot;q&quot; in &quot;Zaragoza,ES&quot; value (PASSED : 0s)</div>]]>
            </line>
            <line>
              <![CDATA[<div "result">Request API (PASSED : 0s)</div>]]>
            </line>
            <line>
              <![CDATA[<div "result">Check that response status is &quot;200&quot; (PASSED : 0s)</div>]]>
            </line>
            <line>
              <![CDATA[<div "result">Check fields in response &quot;Zaragoza&quot; (PASSED : 0s)</div>]]>
            </line>
            <line>
              <![CDATA[<div "result">Read Weather API endpoint URL (PASSED : 0s)</div>]]>
            </line>
            <line>
              <![CDATA[<div "result">Compose query by adding &quot;id&quot; in &quot;3104324&quot; value (PASSED : 0s)</div>]]>
            </line>
            <line>
              <![CDATA[<div "result">Request API (PASSED : 3s)</div>]]>
            </line>
            <line>
              <![CDATA[<div "result">Check that response status is &quot;200&quot; (PASSED : 0s)</div>]]>
            </line>
            <line>
              <![CDATA[<div "result">Check fields in response &quot;3104324&quot; (PASSED : 0s)</div>]]>
            </line>
            <line>
              <![CDATA[<div "result">Read Weather API endpoint URL (PASSED : 0s)</div>]]>
            </line>
            <line>
              <![CDATA[<div "result">Compose query by adding &quot;lat;lon&quot; in &quot;41.6521;-0.881&quot; value (PASSED : 0s)</div>]]>
            </line>
            <line>
              <![CDATA[<div "result">Request API (PASSED : 21s)</div>]]>
            </line>
            <line>
              <![CDATA[<div "result">Check that response status is &quot;200&quot; (FAILED : 0s)</div>]]>
            </line>
            <line>
              <![CDATA[<div "result">Check fields in response &quot;41.65&quot; (SKIPPED)</div>]]>
            </line>
            <line>
              <![CDATA[<div "result">Read Weather API endpoint URL (PASSED : 0s)</div>]]>
            </line>
            <line>
              <![CDATA[<div "result">Compose query by adding &quot;zip&quot; in &quot;50001&quot; value (PASSED : 0s)</div>]]>
            </line>
            <line>
              <![CDATA[<div "result">Request API (PASSED : 21s)</div>]]>
            </line>
            <line>
              <![CDATA[<div "result">Check that response status is &quot;200&quot; (FAILED : 0s)</div>]]>
            </line>
            <line>
              <![CDATA[<div "result">Check fields in response &quot;temp_min&quot; (SKIPPED)</div>]]>
            </line>
          </reporter-output>
        </test-method> <!-- feature -->
        <test-method status="PASS" signature="tearDownClass()[pri:0, instance:OpenWeatherAPITest@77b52d12]" name="tearDownClass" is-config="true" duration-ms="36" started-at="2018-09-02T22:41:57Z" finished-at="2018-09-02T22:41:57Z">
          <reporter-output>
          </reporter-output>
        </test-method> <!-- tearDownClass -->
      </class> <!-- OpenWeatherAPITest -->
    </test> <!-- Regression suite 1 -->
  </suite> <!-- example suite 1 -->
</testng-results>
